<?xml version="1.0" encoding="UTF-8"?>
<testsuite name="CommandLib Test Plugin" tests="49" failures="3" errors="0" skipped="0">
  <testcase classname="ArgumentTest" name="advancementArgument"/>
  <testcase classname="ArgumentTest" name="attributeArgument"/>
  <testcase classname="ArgumentTest" name="biomeArgument"/>
  <testcase classname="ArgumentTest" name="blockDataArgument"/>
  <testcase classname="ArgumentTest" name="booleanArgument"/>
  <testcase classname="ArgumentTest" name="chatColorArgument"/>
  <testcase classname="ArgumentTest" name="doubleArgument"/>
  <testcase classname="ArgumentTest" name="enchantmentArgument"/>
  <testcase classname="ArgumentTest" name="entitiesArgument"/>
  <testcase classname="ArgumentTest" name="entityArgument"/>
  <testcase classname="ArgumentTest" name="entityTypeArgument"/>
  <testcase classname="ArgumentTest" name="enumArgument"/>
  <testcase classname="ArgumentTest" name="floatArgument"/>
  <testcase classname="ArgumentTest" name="gameModeArgument"/>
  <testcase classname="ArgumentTest" name="integerArgument"/>
  <testcase classname="ArgumentTest" name="itemStackArgument"/>
  <testcase classname="ArgumentTest" name="literalArgument"/>
  <testcase classname="ArgumentTest" name="locationArgument"/>
  <testcase classname="ArgumentTest" name="lootTableArgument"/>
  <testcase classname="ArgumentTest" name="nameableObjectArgument"/>
  <testcase classname="ArgumentTest" name="namespacedKeyArgument"/>
  <testcase classname="ArgumentTest" name="objectArgument"/>
  <testcase classname="ArgumentTest" name="objectiveArgument"/>
  <testcase classname="ArgumentTest" name="offlinePlayerArgument"/>
  <testcase classname="ArgumentTest" name="offlinePlayersArgument"/>
  <testcase classname="ArgumentTest" name="particleArgument"/>
  <testcase classname="ArgumentTest" name="playerArgument">
    <failure message="Command was not executed.">Command was not executed.
Command: commandlibtest playerArgument Maru32768
Bukkit.dispatchCommand returned: true
No exception or server log record was captured during dispatch.</failure>
  </testcase>
  <testcase classname="ArgumentTest" name="playersArgument">
    <failure message="Command was not executed.">Command was not executed.
Command: commandlibtest playersArgument Maru32768
Bukkit.dispatchCommand returned: true
No exception or server log record was captured during dispatch.</failure>
  </testcase>
  <testcase classname="ArgumentTest" name="potionEffectArgument"/>
  <testcase classname="ArgumentTest" name="recipeArgument"/>
  <testcase classname="ArgumentTest" name="scoreboardDisplaySlotArgument"/>
  <testcase classname="ArgumentTest" name="soundArgument"/>
  <testcase classname="ArgumentTest" name="stringArgument"/>
  <testcase classname="ArgumentTest" name="teamArgument"/>
  <testcase classname="ArgumentTest" name="unparsedArgument"/>
  <testcase classname="ArgumentTest" name="uuidArgument"/>
  <testcase classname="ArgumentTest" name="uuidsArgument"/>
  <testcase classname="ArgumentTest" name="worldArgument"/>
  <testcase classname="CommandSyntaxExceptionTest" name="testConvertCommandSyntaxException"/>
  <testcase classname="OptionTest" name="combinedShortFlags"/>
  <testcase classname="OptionTest" name="defaultOptionValues"/>
  <testcase classname="OptionTest" name="flagAndValueOptions"/>
  <testcase classname="OptionTest" name="optionAfterArgument"/>
  <testcase classname="OptionTest" name="requiredOption"/>
  <testcase classname="OptionTest" name="requiredOptionValue"/>
  <testcase classname="OptionTest" name="requiredOptionValueInvalid"/>
  <testcase classname="OptionTest" name="valueOptionWithoutValue"/>
  <testcase classname="RuntimePermissionTest" name="runtimePermissionDefaultCleanup"/>
  <testcase classname="SuggestionTest" name="suggestionLatestInput">
    <failure message="Suggestion action was not called.">Suggestion action was not called.</failure>
  </testcase>
</testsuite>
