<?xml version="1.0" encoding="UTF-8"?>
<testsuite name="CommandLib Test Plugin" tests="35" failures="2" errors="0" skipped="0">
  <testcase classname="ArgumentTest" name="blockDataArgument"/>
  <testcase classname="ArgumentTest" name="booleanArgument"/>
  <testcase classname="ArgumentTest" name="doubleArgument"/>
  <testcase classname="ArgumentTest" name="enchantmentArgument"/>
  <testcase classname="ArgumentTest" name="entitiesArgument"/>
  <testcase classname="ArgumentTest" name="entityArgument"/>
  <testcase classname="ArgumentTest" name="enumArgument"/>
  <testcase classname="ArgumentTest" name="floatArgument"/>
  <testcase classname="ArgumentTest" name="integerArgument"/>
  <testcase classname="ArgumentTest" name="itemStackArgument"/>
  <testcase classname="ArgumentTest" name="literalArgument"/>
  <testcase classname="ArgumentTest" name="locationArgument"/>
  <testcase classname="ArgumentTest" name="nameableObjectArgument"/>
  <testcase classname="ArgumentTest" name="objectArgument"/>
  <testcase classname="ArgumentTest" name="offlinePlayerArgument"/>
  <testcase classname="ArgumentTest" name="offlinePlayersArgument"/>
  <testcase classname="ArgumentTest" name="particleArgument"/>
  <testcase classname="ArgumentTest" name="playerArgument"/>
  <testcase classname="ArgumentTest" name="playersArgument"/>
  <testcase classname="ArgumentTest" name="potionEffectArgument">
    <failure message="Command was not executed.">Command was not executed.</failure>
  </testcase>
  <testcase classname="ArgumentTest" name="stringArgument"/>
  <testcase classname="ArgumentTest" name="teamArgument"/>
  <testcase classname="ArgumentTest" name="unparsedArgument"/>
  <testcase classname="ArgumentTest" name="uuidArgument"/>
  <testcase classname="ArgumentTest" name="uuidsArgument"/>
  <testcase classname="CommandSyntaxExceptionTest" name="testConvertCommandSyntaxException"/>
  <testcase classname="OptionTest" name="combinedShortFlags"/>
  <testcase classname="OptionTest" name="defaultOptionValues"/>
  <testcase classname="OptionTest" name="flagAndValueOptions"/>
  <testcase classname="OptionTest" name="optionAfterArgument"/>
  <testcase classname="OptionTest" name="requiredOption"/>
  <testcase classname="OptionTest" name="requiredOptionValue"/>
  <testcase classname="OptionTest" name="requiredOptionValueInvalid"/>
  <testcase classname="OptionTest" name="valueOptionWithoutValue"/>
  <testcase classname="RuntimePermissionTest" name="runtimePermissionDefaultCleanup">
    <failure message="java.lang.IllegalStateException: Cannot register lifecycle event handlers">java.lang.IllegalStateException: Cannot register lifecycle event handlers
	at com.google.common.base.Preconditions.checkState(Preconditions.java:512)
	at io.papermc.paper.plugin.lifecycle.event.PaperLifecycleEventManager.registerEventHandler(PaperLifecycleEventManager.java:23)
	at io.papermc.paper.plugin.lifecycle.event.LifecycleEventManager.registerEventHandler(LifecycleEventManager.java:39)
	at TestPlugin_1.21.0-1.0.0.jar//net.kunmc.lab.testplugin_1.21.0.commandlib.CommandLib.register(CommandLib.java:73)
	at TestPlugin_1.21.0-1.0.0.jar//net.kunmc.lab.testplugin_1.21.0.commandlib.CommandLib.register(CommandLib.java:46)
	at TestPlugin_1.21.0-1.0.0.jar//net.kunmc.lab.testplugin_1.21.0.commandlib.CommandLib.register(CommandLib.java:42)
	at TestPlugin_1.21.0-1.0.0.jar//net.kunmc.lab.testplugin.RuntimePermissionTest$1.lambda$new$0(RuntimePermissionTest.java:41)
	at TestPlugin_1.21.0-1.0.0.jar//net.kunmc.lab.testplugin_1.21.0.commandlib.CommandRunner.executeWithStackTrace(CommandRunner.java:124)
	at TestPlugin_1.21.0-1.0.0.jar//net.kunmc.lab.testplugin_1.21.0.commandlib.CommandRunner.run(CommandRunner.java:99)
	at com.mojang.brigadier.context.ContextChain.runExecutable(ContextChain.java:73)
	at net.minecraft.commands.execution.tasks.ExecuteCommand.execute(ExecuteCommand.java:31)
	at net.minecraft.commands.execution.tasks.ExecuteCommand.execute(ExecuteCommand.java:19)
	at net.minecraft.commands.execution.UnboundEntryAction.lambda$bind$0(UnboundEntryAction.java:8)
	at net.minecraft.commands.execution.CommandQueueEntry.execute(CommandQueueEntry.java:5)
	at net.minecraft.commands.execution.ExecutionContext.runCommandQueue(ExecutionContext.java:103)
	at net.minecraft.commands.Commands.executeCommandInContext(Commands.java:443)
	at net.minecraft.commands.Commands.performCommand(Commands.java:350)
	at net.minecraft.commands.Commands.performCommand(Commands.java:337)
	at net.minecraft.commands.Commands.performPrefixedCommand(Commands.java:327)
	at org.bukkit.craftbukkit.command.VanillaCommandWrapper.execute(VanillaCommandWrapper.java:55)
	at org.bukkit.command.SimpleCommandMap.dispatch(SimpleCommandMap.java:165)
	at org.bukkit.craftbukkit.CraftServer.dispatchCommand(CraftServer.java:1000)
	at TestPlugin_1.21.0-1.0.0.jar//net.kunmc.lab.testplugin.TestMain.lambda$register$3(TestMain.java:84)
	at org.bukkit.craftbukkit.scheduler.CraftTask.run(CraftTask.java:86)
	at org.bukkit.craftbukkit.scheduler.CraftScheduler.mainThreadHeartbeat(CraftScheduler.java:475)
	at net.minecraft.server.MinecraftServer.tickChildren(MinecraftServer.java:1726)
	at net.minecraft.server.dedicated.DedicatedServer.tickChildren(DedicatedServer.java:473)
	at net.minecraft.server.MinecraftServer.tickServer(MinecraftServer.java:1598)
	at net.minecraft.server.MinecraftServer.runServer(MinecraftServer.java:1304)
	at net.minecraft.server.MinecraftServer.lambda$spin$0(MinecraftServer.java:330)
	at java.base/java.lang.Thread.run(Unknown Source)
</failure>
  </testcase>
</testsuite>
